빌드 시작: 2018-04-29 오후 9:15:15
     1>2 노드의 "C:\Users\JH\Desktop\지훈자료\12141680\자료구조론\12141680 자료구조론\12141680 자료구조론 HW2-2\12141680 자료구조론 HW2-2\12141680 자료구조론 HW2-2.vcxproj" 프로젝트(build 대상)입니다.
     1>InitializeBuildStatus:
         "AlwaysCreate"이(가) 지정되었기 때문에 "Debug\12141680 자료구조론 HW2-2.unsuccessfulbuild"을(를) 만들고 있습니다.
       ClCompile:
         c:\Program Files (x86)\Microsoft Visual Studio 10.0\VC\bin\CL.exe /c /ZI /nologo /W3 /WX- /Od /Oy- /D WIN32 /D _DEBUG /D _CONSOLE /D _UNICODE /D UNICODE /Gm /EHsc /RTC1 /MDd /GS /fp:precise /Zc:wchar_t /Zc:forScope /Fo"Debug\\" /Fd"Debug\vc100.pdb" /Gd /TP /analyze- /errorReport:prompt INtoPOST.cpp
         INtoPOST.cpp
     1>c:\users\jh\desktop\지훈자료\12141680\자료구조론\12141680 자료구조론\12141680 자료구조론 hw2-2\12141680 자료구조론 hw2-2\arraystack.h(24): warning C4290: 함수가 __declspec(nothrow)가 아님을 나타내려는 경우를 제외하고 C++ 예외 사양은 무시됩니다.
                 c:\users\jh\desktop\지훈자료\12141680\자료구조론\12141680 자료구조론\12141680 자료구조론 hw2-2\12141680 자료구조론 hw2-2\arraystack.h(30) : 컴파일 중인 클래스 템플릿 인스턴스화 'ArrayStack<E>'에 대한 참조를 확인하십시오.
     1>c:\users\jh\desktop\지훈자료\12141680\자료구조론\12141680 자료구조론\12141680 자료구조론 hw2-2\12141680 자료구조론 hw2-2\arraystack.h(25): warning C4290: 함수가 __declspec(nothrow)가 아님을 나타내려는 경우를 제외하고 C++ 예외 사양은 무시됩니다.
     1>c:\users\jh\desktop\지훈자료\12141680\자료구조론\12141680 자료구조론\12141680 자료구조론 hw2-2\12141680 자료구조론 hw2-2\arraystack.h(26): warning C4290: 함수가 __declspec(nothrow)가 아님을 나타내려는 경우를 제외하고 C++ 예외 사양은 무시됩니다.
     1>c:\users\jh\desktop\지훈자료\12141680\자료구조론\12141680 자료구조론\12141680 자료구조론 hw2-2\12141680 자료구조론 hw2-2\arraystack.h(64): warning C4290: 함수가 __declspec(nothrow)가 아님을 나타내려는 경우를 제외하고 C++ 예외 사양은 무시됩니다.
     1>c:\users\jh\desktop\지훈자료\12141680\자료구조론\12141680 자료구조론\12141680 자료구조론 hw2-2\12141680 자료구조론 hw2-2\arraystack.h(75): warning C4290: 함수가 __declspec(nothrow)가 아님을 나타내려는 경우를 제외하고 C++ 예외 사양은 무시됩니다.
     1>c:\users\jh\desktop\지훈자료\12141680\자료구조론\12141680 자료구조론\12141680 자료구조론 hw2-2\12141680 자료구조론 hw2-2\arraystack.h(86): warning C4290: 함수가 __declspec(nothrow)가 아님을 나타내려는 경우를 제외하고 C++ 예외 사양은 무시됩니다.
     1>c:\users\jh\desktop\지훈자료\12141680\자료구조론\12141680 자료구조론\12141680 자료구조론 hw2-2\12141680 자료구조론 hw2-2\arraystack.h(24): warning C4290: 함수가 __declspec(nothrow)가 아님을 나타내려는 경우를 제외하고 C++ 예외 사양은 무시됩니다.
                 c:\users\jh\desktop\지훈자료\12141680\자료구조론\12141680 자료구조론\12141680 자료구조론 hw2-2\12141680 자료구조론 hw2-2\intopost.cpp(17) : 컴파일 중인 클래스 템플릿 인스턴스화 'ArrayStack<E>'에 대한 참조를 확인하십시오.
                 with
                 [
                     E=std::string
                 ]
     1>c:\users\jh\desktop\지훈자료\12141680\자료구조론\12141680 자료구조론\12141680 자료구조론 hw2-2\12141680 자료구조론 hw2-2\arraystack.h(25): warning C4290: 함수가 __declspec(nothrow)가 아님을 나타내려는 경우를 제외하고 C++ 예외 사양은 무시됩니다.
     1>c:\users\jh\desktop\지훈자료\12141680\자료구조론\12141680 자료구조론\12141680 자료구조론 hw2-2\12141680 자료구조론 hw2-2\arraystack.h(26): warning C4290: 함수가 __declspec(nothrow)가 아님을 나타내려는 경우를 제외하고 C++ 예외 사양은 무시됩니다.
     1>c:\users\jh\desktop\지훈자료\12141680\자료구조론\12141680 자료구조론\12141680 자료구조론 hw2-2\12141680 자료구조론 hw2-2\arraystack.h(64): warning C4290: 함수가 __declspec(nothrow)가 아님을 나타내려는 경우를 제외하고 C++ 예외 사양은 무시됩니다.
                 c:\users\jh\desktop\지훈자료\12141680\자료구조론\12141680 자료구조론\12141680 자료구조론 hw2-2\12141680 자료구조론 hw2-2\arraystack.h(65) : 클래스 템플릿 멤버 함수 'const std::string &ArrayStack<E>::top(void) throw(StackEmpty) const'을(를) 컴파일하고 있습니다.
                 with
                 [
                     E=std::string
                 ]
                 c:\users\jh\desktop\지훈자료\12141680\자료구조론\12141680 자료구조론\12141680 자료구조론 hw2-2\12141680 자료구조론 hw2-2\arraystack.h(33) : 클래스 템플릿 멤버 함수 'ArrayStack<E>::ArrayStack(int)'을(를) 컴파일하고 있습니다.
                 with
                 [
                     E=std::string
                 ]
                 c:\users\jh\desktop\지훈자료\12141680\자료구조론\12141680 자료구조론\12141680 자료구조론 hw2-2\12141680 자료구조론 hw2-2\intopost.cpp(17) : 컴파일 중인 클래스 템플릿 인스턴스화 'ArrayStack<E>'에 대한 참조를 확인하십시오.
                 with
                 [
                     E=std::string
                 ]
     1>c:\users\jh\desktop\지훈자료\12141680\자료구조론\12141680 자료구조론\12141680 자료구조론 hw2-2\12141680 자료구조론 hw2-2\arraystack.h(75): warning C4290: 함수가 __declspec(nothrow)가 아님을 나타내려는 경우를 제외하고 C++ 예외 사양은 무시됩니다.
                 c:\users\jh\desktop\지훈자료\12141680\자료구조론\12141680 자료구조론\12141680 자료구조론 hw2-2\12141680 자료구조론 hw2-2\arraystack.h(76) : 클래스 템플릿 멤버 함수 'void ArrayStack<E>::push(const E &) throw(StackFull)'을(를) 컴파일하고 있습니다.
                 with
                 [
                     E=std::string
                 ]
     1>c:\users\jh\desktop\지훈자료\12141680\자료구조론\12141680 자료구조론\12141680 자료구조론 hw2-2\12141680 자료구조론 hw2-2\arraystack.h(86): warning C4290: 함수가 __declspec(nothrow)가 아님을 나타내려는 경우를 제외하고 C++ 예외 사양은 무시됩니다.
                 c:\users\jh\desktop\지훈자료\12141680\자료구조론\12141680 자료구조론\12141680 자료구조론 hw2-2\12141680 자료구조론 hw2-2\arraystack.h(87) : 클래스 템플릿 멤버 함수 'void ArrayStack<E>::pop(void) throw(StackEmpty)'을(를) 컴파일하고 있습니다.
                 with
                 [
                     E=std::string
                 ]
       ManifestResourceCompile:
         모든 출력이 최신 상태입니다.
       Link:
         c:\Program Files (x86)\Microsoft Visual Studio 10.0\VC\bin\link.exe /ERRORREPORT:PROMPT /OUT:"C:\Users\JH\Desktop\지훈자료\12141680\자료구조론\12141680 자료구조론\12141680 자료구조론 HW2-2\Debug\12141680 자료구조론 HW2-2.exe" /INCREMENTAL /NOLOGO kernel32.lib user32.lib gdi32.lib winspool.lib comdlg32.lib advapi32.lib shell32.lib ole32.lib oleaut32.lib uuid.lib odbc32.lib odbccp32.lib /MANIFEST /ManifestFile:"Debug\12141680 자료구조론 HW2-2.exe.intermediate.manifest" /MANIFESTUAC:"level='asInvoker' uiAccess='false'" /DEBUG /PDB:"C:\Users\JH\Desktop\지훈자료\12141680\자료구조론\12141680 자료구조론\12141680 자료구조론 HW2-2\Debug\12141680 자료구조론 HW2-2.pdb" /SUBSYSTEM:CONSOLE /TLBID:1 /DYNAMICBASE /NXCOMPAT /IMPLIB:"C:\Users\JH\Desktop\지훈자료\12141680\자료구조론\12141680 자료구조론\12141680 자료구조론 HW2-2\Debug\12141680 자료구조론 HW2-2.lib" /MACHINE:X86 "Debug\12141680 자료구조론 HW2-2.exe.embed.manifest.res"
         Debug\INtoPOST.obj
       Manifest:
         c:\Program Files (x86)\Microsoft SDKs\Windows\v7.0A\bin\mt.exe /nologo /verbose /out:"Debug\12141680 자료구조론 HW2-2.exe.embed.manifest" /manifest "Debug\12141680 자료구조론 HW2-2.exe.intermediate.manifest"
         모든 출력이 최신 상태입니다.
       LinkEmbedManifest:
         모든 출력이 최신 상태입니다.
         12141680 자료구조론 HW2-2.vcxproj -> C:\Users\JH\Desktop\지훈자료\12141680\자료구조론\12141680 자료구조론\12141680 자료구조론 HW2-2\Debug\12141680 자료구조론 HW2-2.exe
       FinalizeBuildStatus:
         "Debug\12141680 자료구조론 HW2-2.unsuccessfulbuild" 파일을 삭제하고 있습니다.
         "Debug\12141680 자료구조론 HW2-2.lastbuildstate"에 연결(touching)하고 있습니다.
     1>"C:\Users\JH\Desktop\지훈자료\12141680\자료구조론\12141680 자료구조론\12141680 자료구조론 HW2-2\12141680 자료구조론 HW2-2\12141680 자료구조론 HW2-2.vcxproj" 프로젝트를 빌드했습니다(build 대상).

빌드했습니다.

경과 시간: 00:00:01.43
